<?xml version="1.0" encoding="UTF-8"?>
<testsuite name="getting_started.CasoTwo" tests="1" skipped="0" failures="0" errors="0" timestamp="2023-04-27T21:17:44" hostname="SB00144794" time="12.573">
  <properties/>
  <testcase name="ValidateDocumentType" classname="getting_started.CasoTwo" time="12.573"/>
  <system-out><![CDATA[]]></system-out>
  <system-err><![CDATA[Starting ChromeDriver 112.0.5615.49 (bd2a7bcb881c11e8cfe3078709382934e3916914-refs/branch-heads/5615@{#936}) on port 26147
Only local connections are allowed.
Please see https://chromedriver.chromium.org/security-considerations for suggestions on keeping ChromeDriver safe.
ChromeDriver was started successfully.
abr. 27, 2023 4:17:42 P. M. org.openqa.selenium.remote.ProtocolHandshake createSession
INFORMACIÓN: Detected dialect: W3C
]]></system-err>
</testsuite>
